# JRE version: OpenJDK Runtime Environment Temurin-17.0.5+8 (17.0.5+8) (build 17.0.5+8)
# Java VM: OpenJDK 64-Bit Server VM Temurin-17.0.5+8 (17.0.5+8, mixed mode, tiered, compressed oops, compressed class ptrs, parallel gc, windows-amd64)
GC Precious Log:
 CPUs: 4 total, 4 available
 Memory: 16066M
 Large Page Support: Disabled
 NUMA Support: Disabled
 Compressed Oops: Enabled (32-bit)
 Alignments: Space 512K, Generation 512K, Heap 2M
 Heap Min Capacity: 100M
 Heap Initial Capacity: 100M
 Heap Max Capacity: 1G
 Pre-touch: Disabled
 Parallel Workers: 4
Heap:
 PSYoungGen      total 23040K, used 10802K [0x00000000eab00000, 0x00000000ec600000, 0x0000000100000000)
  eden space 22016K, 44% used [0x00000000eab00000,0x00000000eb48c818,0x00000000ec080000)
  from space 1024K, 100% used [0x00000000ec500000,0x00000000ec600000,0x00000000ec600000)
  to   space 2560K, 0% used [0x00000000ec100000,0x00000000ec100000,0x00000000ec380000)
 ParOldGen       total 68608K, used 14972K [0x00000000c0000000, 0x00000000c4300000, 0x00000000eab00000)
  object space 68608K, 21% used [0x00000000c0000000,0x00000000c0e9f390,0x00000000c4300000)
 Metaspace       used 44254K, committed 45184K, reserved 1089536K
  class space    used 4774K, committed 5184K, reserved 1048576K
GC Heap History (20 events):
Event: 11.145 GC heap before
{Heap before GC invocations=5 (full 1):
 PSYoungGen      total 29696K, used 4085K [0x00000000eab00000, 0x00000000ecc00000, 0x0000000100000000)
  eden space 25600K, 0% used [0x00000000eab00000,0x00000000eab00000,0x00000000ec400000)
  from space 4096K, 99% used [0x00000000ec800000,0x00000000ecbfd470,0x00000000ecc00000)
  to   space 4096K, 0% used [0x00000000ec400000,0x00000000ec400000,0x00000000ec800000)
 ParOldGen       total 68608K, used 4511K [0x00000000c0000000, 0x00000000c4300000, 0x00000000eab00000)
  object space 68608K, 6% used [0x00000000c0000000,0x00000000c0467e98,0x00000000c4300000)
 Metaspace       used 21102K, committed 21504K, reserved 1073152K
  class space    used 2151K, committed 2368K, reserved 1048576K
}
Event: 11.168 GC heap after
{Heap after GC invocations=5 (full 1):
 PSYoungGen      total 29696K, used 0K [0x00000000eab00000, 0x00000000ecc00000, 0x0000000100000000)
  eden space 25600K, 0% used [0x00000000eab00000,0x00000000eab00000,0x00000000ec400000)
  from space 4096K, 0% used [0x00000000ec800000,0x00000000ec800000,0x00000000ecc00000)
  to   space 4096K, 0% used [0x00000000ec400000,0x00000000ec400000,0x00000000ec800000)
 ParOldGen       total 68608K, used 8386K [0x00000000c0000000, 0x00000000c4300000, 0x00000000eab00000)
  object space 68608K, 12% used [0x00000000c0000000,0x00000000c0830918,0x00000000c4300000)
 Metaspace       used 21089K, committed 21504K, reserved 1073152K
  class space    used 2147K, committed 2368K, reserved 1048576K
}
Event: 11.766 GC heap before
{Heap before GC invocations=6 (full 1):
 PSYoungGen      total 29696K, used 25523K [0x00000000eab00000, 0x00000000ecc00000, 0x0000000100000000)
  eden space 25600K, 99% used [0x00000000eab00000,0x00000000ec3ecf88,0x00000000ec400000)
  from space 4096K, 0% used [0x00000000ec800000,0x00000000ec800000,0x00000000ecc00000)
  to   space 4096K, 0% used [0x00000000ec400000,0x00000000ec400000,0x00000000ec800000)
 ParOldGen       total 68608K, used 8386K [0x00000000c0000000, 0x00000000c4300000, 0x00000000eab00000)
  object space 68608K, 12% used [0x00000000c0000000,0x00000000c0830918,0x00000000c4300000)
 Metaspace       used 24332K, committed 24960K, reserved 1073152K
  class space    used 2516K, committed 2816K, reserved 1048576K
}
Event: 11.767 GC heap after
{Heap after GC invocations=6 (full 1):
 PSYoungGen      total 28672K, used 3477K [0x00000000eab00000, 0x00000000ecb80000, 0x0000000100000000)
  eden space 25088K, 0% used [0x00000000eab00000,0x00000000eab00000,0x00000000ec380000)
  from space 3584K, 97% used [0x00000000ec400000,0x00000000ec765680,0x00000000ec780000)
  to   space 4096K, 0% used [0x00000000ec780000,0x00000000ec780000,0x00000000ecb80000)
 ParOldGen       total 68608K, used 8394K [0x00000000c0000000, 0x00000000c4300000, 0x00000000eab00000)
  object space 68608K, 12% used [0x00000000c0000000,0x00000000c0832918,0x00000000c4300000)
 Metaspace       used 24332K, committed 24960K, reserved 1073152K
  class space    used 2516K, committed 2816K, reserved 1048576K
}
Event: 11.937 GC heap before
{Heap before GC invocations=7 (full 1):
 PSYoungGen      total 28672K, used 28565K [0x00000000eab00000, 0x00000000ecb80000, 0x0000000100000000)
  eden space 25088K, 100% used [0x00000000eab00000,0x00000000ec380000,0x00000000ec380000)
  from space 3584K, 97% used [0x00000000ec400000,0x00000000ec765680,0x00000000ec780000)
  to   space 4096K, 0% used [0x00000000ec780000,0x00000000ec780000,0x00000000ecb80000)
 ParOldGen       total 68608K, used 8394K [0x00000000c0000000, 0x00000000c4300000, 0x00000000eab00000)
  object space 68608K, 12% used [0x00000000c0000000,0x00000000c0832918,0x00000000c4300000)
 Metaspace       used 27505K, committed 28160K, reserved 1081344K
  class space    used 2750K, committed 3072K, reserved 1048576K
}
Event: 11.938 GC heap after
{Heap after GC invocations=7 (full 1):
 PSYoungGen      total 28160K, used 3502K [0x00000000eab00000, 0x00000000ecb00000, 0x0000000100000000)
  eden space 24576K, 0% used [0x00000000eab00000,0x00000000eab00000,0x00000000ec300000)
  from space 3584K, 97% used [0x00000000ec780000,0x00000000ecaebaf0,0x00000000ecb00000)
  to   space 4096K, 0% used [0x00000000ec300000,0x00000000ec300000,0x00000000ec700000)
 ParOldGen       total 68608K, used 8402K [0x00000000c0000000, 0x00000000c4300000, 0x00000000eab00000)
  object space 68608K, 12% used [0x00000000c0000000,0x00000000c0834918,0x00000000c4300000)
 Metaspace       used 27505K, committed 28160K, reserved 1081344K
  class space    used 2750K, committed 3072K, reserved 1048576K
}
Event: 12.373 GC heap before
{Heap before GC invocations=8 (full 1):
 PSYoungGen      total 28160K, used 28078K [0x00000000eab00000, 0x00000000ecb00000, 0x0000000100000000)
  eden space 24576K, 100% used [0x00000000eab00000,0x00000000ec300000,0x00000000ec300000)
  from space 3584K, 97% used [0x00000000ec780000,0x00000000ecaebaf0,0x00000000ecb00000)
  to   space 4096K, 0% used [0x00000000ec300000,0x00000000ec300000,0x00000000ec700000)
 ParOldGen       total 68608K, used 8402K [0x00000000c0000000, 0x00000000c4300000, 0x00000000eab00000)
  object space 68608K, 12% used [0x00000000c0000000,0x00000000c0834918,0x00000000c4300000)
 Metaspace       used 30670K, committed 31296K, reserved 1081344K
  class space    used 3023K, committed 3328K, reserved 1048576K
}
Event: 12.376 GC heap after
{Heap after GC invocations=8 (full 1):
 PSYoungGen      total 28160K, used 3826K [0x00000000eab00000, 0x00000000eca80000, 0x0000000100000000)
  eden space 24064K, 0% used [0x00000000eab00000,0x00000000eab00000,0x00000000ec280000)
  from space 4096K, 93% used [0x00000000ec300000,0x00000000ec6bca90,0x00000000ec700000)
  to   space 3584K, 0% used [0x00000000ec700000,0x00000000ec700000,0x00000000eca80000)
 ParOldGen       total 68608K, used 8410K [0x00000000c0000000, 0x00000000c4300000, 0x00000000eab00000)
  object space 68608K, 12% used [0x00000000c0000000,0x00000000c0836918,0x00000000c4300000)
 Metaspace       used 30670K, committed 31296K, reserved 1081344K
  class space    used 3023K, committed 3328K, reserved 1048576K
}
Event: 12.978 GC heap before
{Heap before GC invocations=9 (full 1):
 PSYoungGen      total 28160K, used 27890K [0x00000000eab00000, 0x00000000eca80000, 0x0000000100000000)
  eden space 24064K, 100% used [0x00000000eab00000,0x00000000ec280000,0x00000000ec280000)
  from space 4096K, 93% used [0x00000000ec300000,0x00000000ec6bca90,0x00000000ec700000)
  to   space 3584K, 0% used [0x00000000ec700000,0x00000000ec700000,0x00000000eca80000)
 ParOldGen       total 68608K, used 8410K [0x00000000c0000000, 0x00000000c4300000, 0x00000000eab00000)
  object space 68608K, 12% used [0x00000000c0000000,0x00000000c0836918,0x00000000c4300000)
 Metaspace       used 34315K, committed 35072K, reserved 1081344K
  class space    used 3475K, committed 3840K, reserved 1048576K
}
Event: 12.980 GC heap after
{Heap after GC invocations=9 (full 1):
 PSYoungGen      total 26624K, used 3562K [0x00000000eab00000, 0x00000000ecd00000, 0x0000000100000000)
  eden space 23040K, 0% used [0x00000000eab00000,0x00000000eab00000,0x00000000ec180000)
  from space 3584K, 99% used [0x00000000ec700000,0x00000000eca7ab20,0x00000000eca80000)
  to   space 5632K, 0% used [0x00000000ec180000,0x00000000ec180000,0x00000000ec700000)
 ParOldGen       total 68608K, used 9807K [0x00000000c0000000, 0x00000000c4300000, 0x00000000eab00000)
  object space 68608K, 14% used [0x00000000c0000000,0x00000000c0993d60,0x00000000c4300000)
 Metaspace       used 34315K, committed 35072K, reserved 1081344K
  class space    used 3475K, committed 3840K, reserved 1048576K
}
Event: 13.043 GC heap before
{Heap before GC invocations=10 (full 1):
 PSYoungGen      total 26624K, used 8672K [0x00000000eab00000, 0x00000000ecd00000, 0x0000000100000000)
  eden space 23040K, 22% used [0x00000000eab00000,0x00000000eaffd608,0x00000000ec180000)
  from space 3584K, 99% used [0x00000000ec700000,0x00000000eca7ab20,0x00000000eca80000)
  to   space 5632K, 0% used [0x00000000ec180000,0x00000000ec180000,0x00000000ec700000)
 ParOldGen       total 68608K, used 9807K [0x00000000c0000000, 0x00000000c4300000, 0x00000000eab00000)
  object space 68608K, 14% used [0x00000000c0000000,0x00000000c0993d60,0x00000000c4300000)
 Metaspace       used 35122K, committed 35840K, reserved 1081344K
  class space    used 3589K, committed 3904K, reserved 1048576K
}
Event: 13.046 GC heap after
{Heap after GC invocations=10 (full 1):
 PSYoungGen      total 25088K, used 2011K [0x00000000eab00000, 0x00000000ec900000, 0x0000000100000000)
  eden space 23040K, 0% used [0x00000000eab00000,0x00000000eab00000,0x00000000ec180000)
  from space 2048K, 98% used [0x00000000ec180000,0x00000000ec376de0,0x00000000ec380000)
  to   space 3584K, 0% used [0x00000000ec580000,0x00000000ec580000,0x00000000ec900000)
 ParOldGen       total 68608K, used 11423K [0x00000000c0000000, 0x00000000c4300000, 0x00000000eab00000)
  object space 68608K, 16% used [0x00000000c0000000,0x00000000c0b27e38,0x00000000c4300000)
 Metaspace       used 35122K, committed 35840K, reserved 1081344K
  class space    used 3589K, committed 3904K, reserved 1048576K
}
Event: 13.046 GC heap before
{Heap before GC invocations=11 (full 2):
 PSYoungGen      total 25088K, used 2011K [0x00000000eab00000, 0x00000000ec900000, 0x0000000100000000)
  eden space 23040K, 0% used [0x00000000eab00000,0x00000000eab00000,0x00000000ec180000)
  from space 2048K, 98% used [0x00000000ec180000,0x00000000ec376de0,0x00000000ec380000)
  to   space 3584K, 0% used [0x00000000ec580000,0x00000000ec580000,0x00000000ec900000)
 ParOldGen       total 68608K, used 11423K [0x00000000c0000000, 0x00000000c4300000, 0x00000000eab00000)
  object space 68608K, 16% used [0x00000000c0000000,0x00000000c0b27e38,0x00000000c4300000)
 Metaspace       used 35122K, committed 35840K, reserved 1081344K
  class space    used 3589K, committed 3904K, reserved 1048576K
}
Event: 13.073 GC heap after
{Heap after GC invocations=11 (full 2):
 PSYoungGen      total 25088K, used 0K [0x00000000eab00000, 0x00000000ec900000, 0x0000000100000000)
  eden space 23040K, 0% used [0x00000000eab00000,0x00000000eab00000,0x00000000ec180000)
  from space 2048K, 0% used [0x00000000ec180000,0x00000000ec180000,0x00000000ec380000)
  to   space 3584K, 0% used [0x00000000ec580000,0x00000000ec580000,0x00000000ec900000)
 ParOldGen       total 68608K, used 13228K [0x00000000c0000000, 0x00000000c4300000, 0x00000000eab00000)
  object space 68608K, 19% used [0x00000000c0000000,0x00000000c0ceb3e0,0x00000000c4300000)
 Metaspace       used 35122K, committed 35840K, reserved 1081344K
  class space    used 3589K, committed 3904K, reserved 1048576K
}
Event: 13.554 GC heap before
{Heap before GC invocations=12 (full 2):
 PSYoungGen      total 25088K, used 23040K [0x00000000eab00000, 0x00000000ec900000, 0x0000000100000000)
  eden space 23040K, 100% used [0x00000000eab00000,0x00000000ec180000,0x00000000ec180000)
  from space 2048K, 0% used [0x00000000ec180000,0x00000000ec180000,0x00000000ec380000)
  to   space 3584K, 0% used [0x00000000ec580000,0x00000000ec580000,0x00000000ec900000)
 ParOldGen       total 68608K, used 13228K [0x00000000c0000000, 0x00000000c4300000, 0x00000000eab00000)
  object space 68608K, 19% used [0x00000000c0000000,0x00000000c0ceb3e0,0x00000000c4300000)
 Metaspace       used 37716K, committed 38592K, reserved 1089536K
  class space    used 3966K, committed 4416K, reserved 1048576K
}
Event: 13.555 GC heap after
{Heap after GC invocations=12 (full 2):
 PSYoungGen      total 23552K, used 800K [0x00000000eab00000, 0x00000000ec680000, 0x0000000100000000)
  eden space 22528K, 0% used [0x00000000eab00000,0x00000000eab00000,0x00000000ec100000)
  from space 1024K, 78% used [0x00000000ec580000,0x00000000ec6482c8,0x00000000ec680000)
  to   space 1536K, 0% used [0x00000000ec380000,0x00000000ec380000,0x00000000ec500000)
 ParOldGen       total 68608K, used 13236K [0x00000000c0000000, 0x00000000c4300000, 0x00000000eab00000)
  object space 68608K, 19% used [0x00000000c0000000,0x00000000c0ced3e0,0x00000000c4300000)
 Metaspace       used 37716K, committed 38592K, reserved 1089536K
  class space    used 3966K, committed 4416K, reserved 1048576K
}
Event: 14.030 GC heap before
{Heap before GC invocations=13 (full 2):
 PSYoungGen      total 23552K, used 23328K [0x00000000eab00000, 0x00000000ec680000, 0x0000000100000000)
  eden space 22528K, 100% used [0x00000000eab00000,0x00000000ec100000,0x00000000ec100000)
  from space 1024K, 78% used [0x00000000ec580000,0x00000000ec6482c8,0x00000000ec680000)
  to   space 1536K, 0% used [0x00000000ec380000,0x00000000ec380000,0x00000000ec500000)
 ParOldGen       total 68608K, used 13236K [0x00000000c0000000, 0x00000000c4300000, 0x00000000eab00000)
  object space 68608K, 19% used [0x00000000c0000000,0x00000000c0ced3e0,0x00000000c4300000)
 Metaspace       used 40266K, committed 41088K, reserved 1089536K
  class space    used 4287K, committed 4672K, reserved 1048576K
}
Event: 14.032 GC heap after
{Heap after GC invocations=13 (full 2):
 PSYoungGen      total 23552K, used 1040K [0x00000000eab00000, 0x00000000ec600000, 0x0000000100000000)
  eden space 22016K, 0% used [0x00000000eab00000,0x00000000eab00000,0x00000000ec080000)
  from space 1536K, 67% used [0x00000000ec380000,0x00000000ec484010,0x00000000ec500000)
  to   space 1024K, 0% used [0x00000000ec500000,0x00000000ec500000,0x00000000ec600000)
 ParOldGen       total 68608K, used 13841K [0x00000000c0000000, 0x00000000c4300000, 0x00000000eab00000)
  object space 68608K, 20% used [0x00000000c0000000,0x00000000c0d84478,0x00000000c4300000)
 Metaspace       used 40266K, committed 41088K, reserved 1089536K
  class space    used 4287K, committed 4672K, reserved 1048576K
}
Event: 14.804 GC heap before
{Heap before GC invocations=14 (full 2):
 PSYoungGen      total 23552K, used 23051K [0x00000000eab00000, 0x00000000ec600000, 0x0000000100000000)
  eden space 22016K, 99% used [0x00000000eab00000,0x00000000ec07ec10,0x00000000ec080000)
  from space 1536K, 67% used [0x00000000ec380000,0x00000000ec484010,0x00000000ec500000)
  to   space 1024K, 0% used [0x00000000ec500000,0x00000000ec500000,0x00000000ec600000)
 ParOldGen       total 68608K, used 13841K [0x00000000c0000000, 0x00000000c4300000, 0x00000000eab00000)
  object space 68608K, 20% used [0x00000000c0000000,0x00000000c0d84478,0x00000000c4300000)
 Metaspace       used 43128K, committed 43904K, reserved 1089536K
  class space    used 4665K, committed 5056K, reserved 1048576K
}
Event: 14.807 GC heap after
{Heap after GC invocations=14 (full 2):
 PSYoungGen      total 23040K, used 1024K [0x00000000eab00000, 0x00000000ec600000, 0x0000000100000000)
  eden space 22016K, 0% used [0x00000000eab00000,0x00000000eab00000,0x00000000ec080000)
  from space 1024K, 100% used [0x00000000ec500000,0x00000000ec600000,0x00000000ec600000)
  to   space 2560K, 0% used [0x00000000ec100000,0x00000000ec100000,0x00000000ec380000)
 ParOldGen       total 68608K, used 14972K [0x00000000c0000000, 0x00000000c4300000, 0x00000000eab00000)
  object space 68608K, 21% used [0x00000000c0000000,0x00000000c0e9f390,0x00000000c4300000)
 Metaspace       used 43128K, committed 43904K, reserved 1089536K
  class space    used 4665K, committed 5056K, reserved 1048576K
}

