# JRE version: Java(TM) SE Runtime Environment (17.0.1+12) (build 17.0.1+12-LTS-39)
# Java VM: Java HotSpot(TM) 64-Bit Server VM (17.0.1+12-LTS-39, mixed mode, sharing, tiered, compressed oops, compressed class ptrs, g1 gc, windows-amd64)
GC Precious Log:
 CPUs: 4 total, 4 available
 Memory: 16066M
 Large Page Support: Disabled
 NUMA Support: Disabled
 Compressed Oops: Enabled (32-bit)
 Heap Region Size: 1M
 Heap Min Capacity: 8M
 Heap Initial Capacity: 252M
 Heap Max Capacity: 2G
 Pre-touch: Disabled
 Parallel Workers: 4
 Concurrent Workers: 1
 Concurrent Refinement Workers: 4
 Periodic GC: Disabled
Heap:
 garbage-first heap   total 214016K, used 141240K [0x0000000080000000, 0x0000000100000000)
  region size 1024K, 5 young (5120K), 5 survivors (5120K)
 Metaspace       used 95900K, committed 96896K, reserved 512000K
  class space    used 13197K, committed 13632K, reserved 421888K
GC Heap History (20 events):
Event: 25.520 GC heap after
{Heap after GC invocations=40 (full 0):
 garbage-first heap   total 140288K, used 80862K [0x0000000080000000, 0x0000000100000000)
  region size 1024K, 4 young (4096K), 4 survivors (4096K)
 Metaspace       used 79772K, committed 80512K, reserved 495616K
  class space    used 11080K, committed 11456K, reserved 421888K
}
Event: 25.565 GC heap before
{Heap before GC invocations=40 (full 0):
 garbage-first heap   total 140288K, used 82910K [0x0000000080000000, 0x0000000100000000)
  region size 1024K, 6 young (6144K), 4 survivors (4096K)
 Metaspace       used 79910K, committed 80768K, reserved 495616K
  class space    used 11105K, committed 11520K, reserved 421888K
}
Event: 25.570 GC heap after
{Heap after GC invocations=41 (full 0):
 garbage-first heap   total 140288K, used 80695K [0x0000000080000000, 0x0000000100000000)
  region size 1024K, 1 young (1024K), 1 survivors (1024K)
 Metaspace       used 79910K, committed 80768K, reserved 495616K
  class space    used 11105K, committed 11520K, reserved 421888K
}
Event: 26.008 GC heap before
{Heap before GC invocations=41 (full 0):
 garbage-first heap   total 140288K, used 115511K [0x0000000080000000, 0x0000000100000000)
  region size 1024K, 35 young (35840K), 1 survivors (1024K)
 Metaspace       used 81364K, committed 82176K, reserved 495616K
  class space    used 11344K, committed 11776K, reserved 421888K
}
Event: 26.014 GC heap after
{Heap after GC invocations=42 (full 0):
 garbage-first heap   total 185344K, used 86544K [0x0000000080000000, 0x0000000100000000)
  region size 1024K, 5 young (5120K), 5 survivors (5120K)
 Metaspace       used 81364K, committed 82176K, reserved 495616K
  class space    used 11344K, committed 11776K, reserved 421888K
}
Event: 27.651 GC heap before
{Heap before GC invocations=43 (full 0):
 garbage-first heap   total 185344K, used 155152K [0x0000000080000000, 0x0000000100000000)
  region size 1024K, 64 young (65536K), 5 survivors (5120K)
 Metaspace       used 84227K, committed 85120K, reserved 495616K
  class space    used 11683K, committed 12096K, reserved 421888K
}
Event: 27.662 GC heap after
{Heap after GC invocations=44 (full 0):
 garbage-first heap   total 185344K, used 107145K [0x0000000080000000, 0x0000000100000000)
  region size 1024K, 8 young (8192K), 8 survivors (8192K)
 Metaspace       used 84227K, committed 85120K, reserved 495616K
  class space    used 11683K, committed 12096K, reserved 421888K
}
Event: 27.672 GC heap before
{Heap before GC invocations=44 (full 0):
 garbage-first heap   total 185344K, used 108169K [0x0000000080000000, 0x0000000100000000)
  region size 1024K, 9 young (9216K), 8 survivors (8192K)
 Metaspace       used 84263K, committed 85120K, reserved 495616K
  class space    used 11687K, committed 12096K, reserved 421888K
}
Event: 27.676 GC heap after
{Heap after GC invocations=45 (full 0):
 garbage-first heap   total 185344K, used 108353K [0x0000000080000000, 0x0000000100000000)
  region size 1024K, 2 young (2048K), 2 survivors (2048K)
 Metaspace       used 84263K, committed 85120K, reserved 495616K
  class space    used 11687K, committed 12096K, reserved 421888K
}
Event: 28.238 GC heap before
{Heap before GC invocations=45 (full 0):
 garbage-first heap   total 185344K, used 145217K [0x0000000080000000, 0x0000000100000000)
  region size 1024K, 39 young (39936K), 2 survivors (2048K)
 Metaspace       used 86422K, committed 87360K, reserved 503808K
  class space    used 11951K, committed 12416K, reserved 421888K
}
Event: 28.244 GC heap after
{Heap after GC invocations=46 (full 0):
 garbage-first heap   total 185344K, used 111799K [0x0000000080000000, 0x0000000100000000)
  region size 1024K, 5 young (5120K), 5 survivors (5120K)
 Metaspace       used 86422K, committed 87360K, reserved 503808K
  class space    used 11951K, committed 12416K, reserved 421888K
}
Event: 29.055 GC heap before
{Heap before GC invocations=47 (full 0):
 garbage-first heap   total 214016K, used 152759K [0x0000000080000000, 0x0000000100000000)
  region size 1024K, 42 young (43008K), 5 survivors (5120K)
 Metaspace       used 88814K, committed 89792K, reserved 503808K
  class space    used 12267K, committed 12736K, reserved 421888K
}
Event: 29.067 GC heap after
{Heap after GC invocations=48 (full 0):
 garbage-first heap   total 214016K, used 125234K [0x0000000080000000, 0x0000000100000000)
  region size 1024K, 6 young (6144K), 6 survivors (6144K)
 Metaspace       used 88814K, committed 89792K, reserved 503808K
  class space    used 12267K, committed 12736K, reserved 421888K
}
Event: 29.166 GC heap before
{Heap before GC invocations=48 (full 0):
 garbage-first heap   total 214016K, used 129330K [0x0000000080000000, 0x0000000100000000)
  region size 1024K, 10 young (10240K), 6 survivors (6144K)
 Metaspace       used 89059K, committed 89984K, reserved 503808K
  class space    used 12294K, committed 12736K, reserved 421888K
}
Event: 29.172 GC heap after
{Heap after GC invocations=49 (full 0):
 garbage-first heap   total 214016K, used 126691K [0x0000000080000000, 0x0000000100000000)
  region size 1024K, 1 young (1024K), 1 survivors (1024K)
 Metaspace       used 89059K, committed 89984K, reserved 503808K
  class space    used 12294K, committed 12736K, reserved 421888K
}
Event: 29.789 GC heap before
{Heap before GC invocations=49 (full 0):
 garbage-first heap   total 214016K, used 168675K [0x0000000080000000, 0x0000000100000000)
  region size 1024K, 42 young (43008K), 1 survivors (1024K)
 Metaspace       used 94027K, committed 95040K, reserved 512000K
  class space    used 12986K, committed 13440K, reserved 421888K
}
Event: 29.793 GC heap after
{Heap after GC invocations=50 (full 0):
 garbage-first heap   total 214016K, used 128897K [0x0000000080000000, 0x0000000100000000)
  region size 1024K, 4 young (4096K), 4 survivors (4096K)
 Metaspace       used 94027K, committed 95040K, reserved 512000K
  class space    used 12986K, committed 13440K, reserved 421888K
}
Event: 30.439 GC heap before
{Heap before GC invocations=50 (full 0):
 garbage-first heap   total 214016K, used 170881K [0x0000000080000000, 0x0000000100000000)
  region size 1024K, 45 young (46080K), 4 survivors (4096K)
 Metaspace       used 95461K, committed 96384K, reserved 512000K
  class space    used 13159K, committed 13568K, reserved 421888K
}
Event: 30.451 GC heap after
{Heap after GC invocations=51 (full 0):
 garbage-first heap   total 214016K, used 135996K [0x0000000080000000, 0x0000000100000000)
  region size 1024K, 6 young (6144K), 6 survivors (6144K)
 Metaspace       used 95461K, committed 96384K, reserved 512000K
  class space    used 13159K, committed 13568K, reserved 421888K
}
Event: 31.688 GC heap before
{Heap before GC invocations=51 (full 0):
 garbage-first heap   total 214016K, used 173884K [0x0000000080000000, 0x0000000100000000)
  region size 1024K, 43 young (44032K), 6 survivors (6144K)
 Metaspace       used 95900K, committed 96896K, reserved 512000K
  class space    used 13197K, committed 13632K, reserved 421888K
}

